  正在确定要还原的项目…
  所有项目均是最新的，无法还原。
D:\prsk_tools\proseka_tools\ProsekaToolsApp\App.xaml.cs(23,29): warning CS8632: 只能在 "#nullable" 注释上下文内的代码中使用可为 null 的引用类型的注释。 [D:\prsk_tools\proseka_tools\ProsekaToolsApp\ProsekaToolsApp.csproj]
D:\prsk_tools\proseka_tools\ProsekaToolsApp\Pages\Tab2Page.xaml.cs(76,19): warning CS8632: 只能在 "#nullable" 注释上下文内的代码中使用可为 null 的引用类型的注释。 [D:\prsk_tools\proseka_tools\ProsekaToolsApp\ProsekaToolsApp.csproj]
D:\prsk_tools\proseka_tools\ProsekaToolsApp\Pages\Tab3Page.xaml.cs(739,64): warning CS8632: 只能在 "#nullable" 注释上下文内的代码中使用可为 null 的引用类型的注释。 [D:\prsk_tools\proseka_tools\ProsekaToolsApp\ProsekaToolsApp.csproj]
D:\prsk_tools\proseka_tools\ProsekaToolsApp\Pages\Tab3Page.xaml.cs(81,18): warning CS8632: 只能在 "#nullable" 注释上下文内的代码中使用可为 null 的引用类型的注释。 [D:\prsk_tools\proseka_tools\ProsekaToolsApp\ProsekaToolsApp.csproj]
D:\prsk_tools\proseka_tools\ProsekaToolsApp\Pages\Tab3Page.xaml.cs(82,17): warning CS8632: 只能在 "#nullable" 注释上下文内的代码中使用可为 null 的引用类型的注释。 [D:\prsk_tools\proseka_tools\ProsekaToolsApp\ProsekaToolsApp.csproj]
D:\prsk_tools\proseka_tools\ProsekaToolsApp\Pages\Tab2Page.xaml.cs(27,19): warning CS8632: 只能在 "#nullable" 注释上下文内的代码中使用可为 null 的引用类型的注释。 [D:\prsk_tools\proseka_tools\ProsekaToolsApp\ProsekaToolsApp.csproj]
D:\prsk_tools\proseka_tools\ProsekaToolsApp\Pages\Tab3Page.xaml.cs(83,22): warning CS8632: 只能在 "#nullable" 注释上下文内的代码中使用可为 null 的引用类型的注释。 [D:\prsk_tools\proseka_tools\ProsekaToolsApp\ProsekaToolsApp.csproj]
D:\prsk_tools\proseka_tools\ProsekaToolsApp\Pages\Tab3Page.xaml.cs(84,19): warning CS8632: 只能在 "#nullable" 注释上下文内的代码中使用可为 null 的引用类型的注释。 [D:\prsk_tools\proseka_tools\ProsekaToolsApp\ProsekaToolsApp.csproj]
D:\prsk_tools\proseka_tools\ProsekaToolsApp\Pages\Tab3Page.xaml.cs(85,18): warning CS8632: 只能在 "#nullable" 注释上下文内的代码中使用可为 null 的引用类型的注释。 [D:\prsk_tools\proseka_tools\ProsekaToolsApp\ProsekaToolsApp.csproj]
D:\prsk_tools\proseka_tools\ProsekaToolsApp\Pages\Tab3Page.xaml.cs(86,18): warning CS8632: 只能在 "#nullable" 注释上下文内的代码中使用可为 null 的引用类型的注释。 [D:\prsk_tools\proseka_tools\ProsekaToolsApp\ProsekaToolsApp.csproj]
D:\prsk_tools\proseka_tools\ProsekaToolsApp\Pages\Tab3Page.xaml.cs(87,16): warning CS8632: 只能在 "#nullable" 注释上下文内的代码中使用可为 null 的引用类型的注释。 [D:\prsk_tools\proseka_tools\ProsekaToolsApp\ProsekaToolsApp.csproj]
D:\prsk_tools\proseka_tools\ProsekaToolsApp\Pages\Tab3Page.xaml.cs(88,15): warning CS8632: 只能在 "#nullable" 注释上下文内的代码中使用可为 null 的引用类型的注释。 [D:\prsk_tools\proseka_tools\ProsekaToolsApp\ProsekaToolsApp.csproj]
D:\prsk_tools\proseka_tools\ProsekaToolsApp\Pages\Tab3Page.xaml.cs(917,22): warning CS8632: 只能在 "#nullable" 注释上下文内的代码中使用可为 null 的引用类型的注释。 [D:\prsk_tools\proseka_tools\ProsekaToolsApp\ProsekaToolsApp.csproj]
D:\prsk_tools\proseka_tools\ProsekaToolsApp\Pages\Tab3Page.xaml.cs(89,22): warning CS8632: 只能在 "#nullable" 注释上下文内的代码中使用可为 null 的引用类型的注释。 [D:\prsk_tools\proseka_tools\ProsekaToolsApp\ProsekaToolsApp.csproj]
D:\prsk_tools\proseka_tools\ProsekaToolsApp\Pages\Tab3Page.xaml.cs(90,18): warning CS8632: 只能在 "#nullable" 注释上下文内的代码中使用可为 null 的引用类型的注释。 [D:\prsk_tools\proseka_tools\ProsekaToolsApp\ProsekaToolsApp.csproj]
D:\prsk_tools\proseka_tools\ProsekaToolsApp\Pages\Tab3Page.xaml.cs(91,18): warning CS8632: 只能在 "#nullable" 注释上下文内的代码中使用可为 null 的引用类型的注释。 [D:\prsk_tools\proseka_tools\ProsekaToolsApp\ProsekaToolsApp.csproj]
D:\prsk_tools\proseka_tools\ProsekaToolsApp\Pages\Tab3Page.xaml.cs(126,16): warning CS8632: 只能在 "#nullable" 注释上下文内的代码中使用可为 null 的引用类型的注释。 [D:\prsk_tools\proseka_tools\ProsekaToolsApp\ProsekaToolsApp.csproj]
D:\prsk_tools\proseka_tools\ProsekaToolsApp\Pages\Tab3Page.xaml.cs(308,16): warning CS8632: 只能在 "#nullable" 注释上下文内的代码中使用可为 null 的引用类型的注释。 [D:\prsk_tools\proseka_tools\ProsekaToolsApp\ProsekaToolsApp.csproj]
D:\prsk_tools\proseka_tools\ProsekaToolsApp\Pages\Tab3Page.xaml.cs(993,21): warning CS8632: 只能在 "#nullable" 注释上下文内的代码中使用可为 null 的引用类型的注释。 [D:\prsk_tools\proseka_tools\ProsekaToolsApp\ProsekaToolsApp.csproj]
D:\prsk_tools\proseka_tools\ProsekaToolsApp\Pages\Tab3Page.xaml.cs(35,16): warning CS8632: 只能在 "#nullable" 注释上下文内的代码中使用可为 null 的引用类型的注释。 [D:\prsk_tools\proseka_tools\ProsekaToolsApp\ProsekaToolsApp.csproj]
D:\prsk_tools\proseka_tools\ProsekaToolsApp\Pages\Tab3Page.xaml.cs(149,10): warning CS8632: 只能在 "#nullable" 注释上下文内的代码中使用可为 null 的引用类型的注释。 [D:\prsk_tools\proseka_tools\ProsekaToolsApp\ProsekaToolsApp.csproj]
D:\prsk_tools\proseka_tools\ProsekaToolsApp\Pages\Tab3Page.xaml.cs(476,21): warning CS8632: 只能在 "#nullable" 注释上下文内的代码中使用可为 null 的引用类型的注释。 [D:\prsk_tools\proseka_tools\ProsekaToolsApp\ProsekaToolsApp.csproj]
D:\prsk_tools\proseka_tools\ProsekaToolsApp\Pages\Tab3Page.xaml.cs(583,15): warning CS8632: 只能在 "#nullable" 注释上下文内的代码中使用可为 null 的引用类型的注释。 [D:\prsk_tools\proseka_tools\ProsekaToolsApp\ProsekaToolsApp.csproj]
D:\prsk_tools\proseka_tools\ProsekaToolsApp\Pages\Tab3Page.xaml.cs(596,27): warning CS8632: 只能在 "#nullable" 注释上下文内的代码中使用可为 null 的引用类型的注释。 [D:\prsk_tools\proseka_tools\ProsekaToolsApp\ProsekaToolsApp.csproj]
D:\prsk_tools\proseka_tools\ProsekaToolsApp\Pages\Tab3Page.xaml.cs(597,36): warning CS8632: 只能在 "#nullable" 注释上下文内的代码中使用可为 null 的引用类型的注释。 [D:\prsk_tools\proseka_tools\ProsekaToolsApp\ProsekaToolsApp.csproj]
C:\Users\peter\.nuget\packages\microsoft.windowsappsdk\1.5.240311000\buildTransitive\MrtCore.PriGen.targets(913,5): error MSB4062: 未能从程序集 C:\Program Files\dotnet\sdk\10.0.100\\Microsoft\VisualStudio\v18.0\AppxPackage\\Microsoft.Build.Packaging.Pri.Tasks.dll 加载任务“Microsoft.Build.Packaging.Pri.Tasks.ExpandPriContent”。Could not load file or assembly 'C:\Program Files\dotnet\sdk\10.0.100\Microsoft\VisualStudio\v18.0\AppxPackage\Microsoft.Build.Packaging.Pri.Tasks.dll'. 系统找不到指定的路径。 请确认 <UsingTask> 声明正确，该程序集及其所有依赖项都可用，并且该任务包含实现 Microsoft.Build.Framework.ITask 的公共类。 [D:\prsk_tools\proseka_tools\ProsekaToolsApp\ProsekaToolsApp.csproj]

生成失败。

D:\prsk_tools\proseka_tools\ProsekaToolsApp\App.xaml.cs(23,29): warning CS8632: 只能在 "#nullable" 注释上下文内的代码中使用可为 null 的引用类型的注释。 [D:\prsk_tools\proseka_tools\ProsekaToolsApp\ProsekaToolsApp.csproj]
D:\prsk_tools\proseka_tools\ProsekaToolsApp\Pages\Tab2Page.xaml.cs(76,19): warning CS8632: 只能在 "#nullable" 注释上下文内的代码中使用可为 null 的引用类型的注释。 [D:\prsk_tools\proseka_tools\ProsekaToolsApp\ProsekaToolsApp.csproj]
D:\prsk_tools\proseka_tools\ProsekaToolsApp\Pages\Tab3Page.xaml.cs(739,64): warning CS8632: 只能在 "#nullable" 注释上下文内的代码中使用可为 null 的引用类型的注释。 [D:\prsk_tools\proseka_tools\ProsekaToolsApp\ProsekaToolsApp.csproj]
D:\prsk_tools\proseka_tools\ProsekaToolsApp\Pages\Tab3Page.xaml.cs(81,18): warning CS8632: 只能在 "#nullable" 注释上下文内的代码中使用可为 null 的引用类型的注释。 [D:\prsk_tools\proseka_tools\ProsekaToolsApp\ProsekaToolsApp.csproj]
D:\prsk_tools\proseka_tools\ProsekaToolsApp\Pages\Tab3Page.xaml.cs(82,17): warning CS8632: 只能在 "#nullable" 注释上下文内的代码中使用可为 null 的引用类型的注释。 [D:\prsk_tools\proseka_tools\ProsekaToolsApp\ProsekaToolsApp.csproj]
D:\prsk_tools\proseka_tools\ProsekaToolsApp\Pages\Tab2Page.xaml.cs(27,19): warning CS8632: 只能在 "#nullable" 注释上下文内的代码中使用可为 null 的引用类型的注释。 [D:\prsk_tools\proseka_tools\ProsekaToolsApp\ProsekaToolsApp.csproj]
D:\prsk_tools\proseka_tools\ProsekaToolsApp\Pages\Tab3Page.xaml.cs(83,22): warning CS8632: 只能在 "#nullable" 注释上下文内的代码中使用可为 null 的引用类型的注释。 [D:\prsk_tools\proseka_tools\ProsekaToolsApp\ProsekaToolsApp.csproj]
D:\prsk_tools\proseka_tools\ProsekaToolsApp\Pages\Tab3Page.xaml.cs(84,19): warning CS8632: 只能在 "#nullable" 注释上下文内的代码中使用可为 null 的引用类型的注释。 [D:\prsk_tools\proseka_tools\ProsekaToolsApp\ProsekaToolsApp.csproj]
D:\prsk_tools\proseka_tools\ProsekaToolsApp\Pages\Tab3Page.xaml.cs(85,18): warning CS8632: 只能在 "#nullable" 注释上下文内的代码中使用可为 null 的引用类型的注释。 [D:\prsk_tools\proseka_tools\ProsekaToolsApp\ProsekaToolsApp.csproj]
D:\prsk_tools\proseka_tools\ProsekaToolsApp\Pages\Tab3Page.xaml.cs(86,18): warning CS8632: 只能在 "#nullable" 注释上下文内的代码中使用可为 null 的引用类型的注释。 [D:\prsk_tools\proseka_tools\ProsekaToolsApp\ProsekaToolsApp.csproj]
D:\prsk_tools\proseka_tools\ProsekaToolsApp\Pages\Tab3Page.xaml.cs(87,16): warning CS8632: 只能在 "#nullable" 注释上下文内的代码中使用可为 null 的引用类型的注释。 [D:\prsk_tools\proseka_tools\ProsekaToolsApp\ProsekaToolsApp.csproj]
D:\prsk_tools\proseka_tools\ProsekaToolsApp\Pages\Tab3Page.xaml.cs(88,15): warning CS8632: 只能在 "#nullable" 注释上下文内的代码中使用可为 null 的引用类型的注释。 [D:\prsk_tools\proseka_tools\ProsekaToolsApp\ProsekaToolsApp.csproj]
D:\prsk_tools\proseka_tools\ProsekaToolsApp\Pages\Tab3Page.xaml.cs(917,22): warning CS8632: 只能在 "#nullable" 注释上下文内的代码中使用可为 null 的引用类型的注释。 [D:\prsk_tools\proseka_tools\ProsekaToolsApp\ProsekaToolsApp.csproj]
D:\prsk_tools\proseka_tools\ProsekaToolsApp\Pages\Tab3Page.xaml.cs(89,22): warning CS8632: 只能在 "#nullable" 注释上下文内的代码中使用可为 null 的引用类型的注释。 [D:\prsk_tools\proseka_tools\ProsekaToolsApp\ProsekaToolsApp.csproj]
D:\prsk_tools\proseka_tools\ProsekaToolsApp\Pages\Tab3Page.xaml.cs(90,18): warning CS8632: 只能在 "#nullable" 注释上下文内的代码中使用可为 null 的引用类型的注释。 [D:\prsk_tools\proseka_tools\ProsekaToolsApp\ProsekaToolsApp.csproj]
D:\prsk_tools\proseka_tools\ProsekaToolsApp\Pages\Tab3Page.xaml.cs(91,18): warning CS8632: 只能在 "#nullable" 注释上下文内的代码中使用可为 null 的引用类型的注释。 [D:\prsk_tools\proseka_tools\ProsekaToolsApp\ProsekaToolsApp.csproj]
D:\prsk_tools\proseka_tools\ProsekaToolsApp\Pages\Tab3Page.xaml.cs(126,16): warning CS8632: 只能在 "#nullable" 注释上下文内的代码中使用可为 null 的引用类型的注释。 [D:\prsk_tools\proseka_tools\ProsekaToolsApp\ProsekaToolsApp.csproj]
D:\prsk_tools\proseka_tools\ProsekaToolsApp\Pages\Tab3Page.xaml.cs(308,16): warning CS8632: 只能在 "#nullable" 注释上下文内的代码中使用可为 null 的引用类型的注释。 [D:\prsk_tools\proseka_tools\ProsekaToolsApp\ProsekaToolsApp.csproj]
D:\prsk_tools\proseka_tools\ProsekaToolsApp\Pages\Tab3Page.xaml.cs(993,21): warning CS8632: 只能在 "#nullable" 注释上下文内的代码中使用可为 null 的引用类型的注释。 [D:\prsk_tools\proseka_tools\ProsekaToolsApp\ProsekaToolsApp.csproj]
D:\prsk_tools\proseka_tools\ProsekaToolsApp\Pages\Tab3Page.xaml.cs(35,16): warning CS8632: 只能在 "#nullable" 注释上下文内的代码中使用可为 null 的引用类型的注释。 [D:\prsk_tools\proseka_tools\ProsekaToolsApp\ProsekaToolsApp.csproj]
D:\prsk_tools\proseka_tools\ProsekaToolsApp\Pages\Tab3Page.xaml.cs(149,10): warning CS8632: 只能在 "#nullable" 注释上下文内的代码中使用可为 null 的引用类型的注释。 [D:\prsk_tools\proseka_tools\ProsekaToolsApp\ProsekaToolsApp.csproj]
D:\prsk_tools\proseka_tools\ProsekaToolsApp\Pages\Tab3Page.xaml.cs(476,21): warning CS8632: 只能在 "#nullable" 注释上下文内的代码中使用可为 null 的引用类型的注释。 [D:\prsk_tools\proseka_tools\ProsekaToolsApp\ProsekaToolsApp.csproj]
D:\prsk_tools\proseka_tools\ProsekaToolsApp\Pages\Tab3Page.xaml.cs(583,15): warning CS8632: 只能在 "#nullable" 注释上下文内的代码中使用可为 null 的引用类型的注释。 [D:\prsk_tools\proseka_tools\ProsekaToolsApp\ProsekaToolsApp.csproj]
D:\prsk_tools\proseka_tools\ProsekaToolsApp\Pages\Tab3Page.xaml.cs(596,27): warning CS8632: 只能在 "#nullable" 注释上下文内的代码中使用可为 null 的引用类型的注释。 [D:\prsk_tools\proseka_tools\ProsekaToolsApp\ProsekaToolsApp.csproj]
D:\prsk_tools\proseka_tools\ProsekaToolsApp\Pages\Tab3Page.xaml.cs(597,36): warning CS8632: 只能在 "#nullable" 注释上下文内的代码中使用可为 null 的引用类型的注释。 [D:\prsk_tools\proseka_tools\ProsekaToolsApp\ProsekaToolsApp.csproj]
C:\Users\peter\.nuget\packages\microsoft.windowsappsdk\1.5.240311000\buildTransitive\MrtCore.PriGen.targets(913,5): error MSB4062: 未能从程序集 C:\Program Files\dotnet\sdk\10.0.100\\Microsoft\VisualStudio\v18.0\AppxPackage\\Microsoft.Build.Packaging.Pri.Tasks.dll 加载任务“Microsoft.Build.Packaging.Pri.Tasks.ExpandPriContent”。Could not load file or assembly 'C:\Program Files\dotnet\sdk\10.0.100\Microsoft\VisualStudio\v18.0\AppxPackage\Microsoft.Build.Packaging.Pri.Tasks.dll'. 系统找不到指定的路径。 请确认 <UsingTask> 声明正确，该程序集及其所有依赖项都可用，并且该任务包含实现 Microsoft.Build.Framework.ITask 的公共类。 [D:\prsk_tools\proseka_tools\ProsekaToolsApp\ProsekaToolsApp.csproj]
    25 个警告
    1 个错误

已用时间 00:00:03.29
